[0m19:18:54.918478 [debug] [MainThread]: Sending event: {'category': 'dbt', 'action': 'invocation', 'label': 'start', 'context': [<snowplow_tracker.self_describing_json.SelfDescribingJson object at 0x10dfab150>, <snowplow_tracker.self_describing_json.SelfDescribingJson object at 0x10df44950>, <snowplow_tracker.self_describing_json.SelfDescribingJson object at 0x10de83290>]}


============================== 19:18:54.921482 | aa213973-35ae-4d7a-b0fa-41f967c3b4e3 ==============================
[0m19:18:54.921482 [info ] [MainThread]: Running with dbt=1.11.11
[0m19:18:54.921790 [debug] [MainThread]: running dbt with arguments {'profiles_dir': '/Users/vineetadmello/.dbt', 'invocation_command': 'dbt init saas_analytics', 'target_path': 'None', 'introspect': 'True', 'log_cache_events': 'False', 'quiet': 'False', 'cache_selected_only': 'False', 'indirect_selection': 'eager', 'use_colors': 'True', 'printer_width': '80', 'warn_error_options': 'WarnErrorOptionsV2(error=[], warn=[], silence=[])', 'log_format': 'default', 'warn_error': 'None', 'log_path': 'logs', 'write_json': 'True', 'partial_parse': 'True', 'version_check': 'True', 'empty': 'None', 'debug': 'False', 'static_parser': 'True', 'send_anonymous_usage_stats': 'True', 'no_print': 'None', 'fail_fast': 'False', 'use_experimental_parser': 'False'}
[0m19:18:54.931315 [debug] [MainThread]: Starter project path: /Users/vineetadmello/dbt-work/dbt-env/lib/python3.11/site-packages/dbt/include/starter_project
[0m19:18:54.935002 [info ] [MainThread]: 
Your new dbt project "saas_analytics" was created!

For more information on how to configure the profiles.yml file,
please consult the dbt documentation here:

  https://docs.getdbt.com/docs/configure-your-profile

One more thing:

Need help? Don't hesitate to reach out to us via GitHub issues or on Slack:

  https://community.getdbt.com/

Happy modeling!

[0m19:18:54.935183 [info ] [MainThread]: Setting up your profile.
[0m19:19:12.594676 [debug] [MainThread]: Resource report: {"command_name": "init", "command_success": true, "command_wall_clock_time": 17.719221, "process_in_blocks": "0", "process_kernel_time": 0.199902, "process_mem_max_rss": "134643712", "process_out_blocks": "0", "process_user_time": 0.714609}
[0m19:19:12.595060 [debug] [MainThread]: Command `dbt init` succeeded at 19:19:12.594989 after 17.72 seconds
[0m19:19:12.595269 [debug] [MainThread]: Sending event: {'category': 'dbt', 'action': 'invocation', 'label': 'end', 'context': [<snowplow_tracker.self_describing_json.SelfDescribingJson object at 0x109d3a950>, <snowplow_tracker.self_describing_json.SelfDescribingJson object at 0x10dfabd90>, <snowplow_tracker.self_describing_json.SelfDescribingJson object at 0x109bd1c90>]}
[0m19:19:12.595475 [debug] [MainThread]: Flushing usage events
[0m19:19:12.869907 [debug] [MainThread]: An error was encountered while trying to flush usage events
